<?xml version="1.0" encoding="UTF-8"?>
<Site BuildName="Win32-mingw32-make"
	BuildStamp="20250223-0053-Experimental"
	Name="Mayank"
	Generator="ctest-3.31.5"
	CompilerName="C:/msys64/mingw64/bin/g++.exe"
	CompilerVersion="12.2.0"
	OSName="Windows"
	Hostname="Mayank"
	OSRelease=" Personal"
	OSVersion=" (Build 22631)"
	OSPlatform="AMD64"
	Is64Bits="1"
	VendorString="GenuineIntel"
	VendorID="Intel Corporation"
	FamilyID="6"
	ModelID="5"
	ModelName=""
	ProcessorCacheSize="-1"
	NumberOfLogicalCPU="8"
	NumberOfPhysicalCPU="4"
	TotalVirtualMemory="19835"
	TotalPhysicalMemory="8059"
	LogicalProcessorsPerPhysical="2"
	ProcessorClockFrequency="2496"
	>
	<Testing>
		<StartDateTime>Feb 23 13:18 Pacific Standard Time</StartDateTime>
		<StartTestTime>1740345521</StartTestTime>
		<TestList/>
		<EndDateTime>Feb 23 13:18 Pacific Standard Time</EndDateTime>
		<EndTestTime>1740345521</EndTestTime>
		<ElapsedMinutes>0</ElapsedMinutes>
	</Testing>
</Site>
